{"total": {"lines":{"total":78,"covered":67,"skipped":0,"pct":85.89},"statements":{"total":78,"covered":67,"skipped":0,"pct":85.89},"functions":{"total":22,"covered":19,"skipped":0,"pct":86.36},"branches":{"total":8,"covered":8,"skipped":0,"pct":100},"branchesTrue":{"total":0,"covered":0,"skipped":0,"pct":100}}
,"/Volumes/data/Projects/vue-ut-ex/src/App.vue": {"lines":{"total":9,"covered":0,"skipped":0,"pct":0},"functions":{"total":2,"covered":0,"skipped":0,"pct":0},"statements":{"total":9,"covered":0,"skipped":0,"pct":0},"branches":{"total":0,"covered":0,"skipped":0,"pct":100}}
,"/Volumes/data/Projects/vue-ut-ex/src/main.js": {"lines":{"total":1,"covered":0,"skipped":0,"pct":0},"functions":{"total":0,"covered":0,"skipped":0,"pct":100},"statements":{"total":1,"covered":0,"skipped":0,"pct":0},"branches":{"total":0,"covered":0,"skipped":0,"pct":100}}
,"/Volumes/data/Projects/vue-ut-ex/src/containers/TodoList/TodoList.vue": {"lines":{"total":37,"covered":36,"skipped":0,"pct":97.29},"functions":{"total":12,"covered":11,"skipped":0,"pct":91.66},"statements":{"total":37,"covered":36,"skipped":0,"pct":97.29},"branches":{"total":4,"covered":4,"skipped":0,"pct":100}}
,"/Volumes/data/Projects/vue-ut-ex/src/containers/TodoList/components/Header.vue": {"lines":{"total":11,"covered":11,"skipped":0,"pct":100},"functions":{"total":2,"covered":2,"skipped":0,"pct":100},"statements":{"total":11,"covered":11,"skipped":0,"pct":100},"branches":{"total":2,"covered":2,"skipped":0,"pct":100}}
,"/Volumes/data/Projects/vue-ut-ex/src/containers/TodoList/components/UndoList.vue": {"lines":{"total":18,"covered":18,"skipped":0,"pct":100},"functions":{"total":5,"covered":5,"skipped":0,"pct":100},"statements":{"total":18,"covered":18,"skipped":0,"pct":100},"branches":{"total":2,"covered":2,"skipped":0,"pct":100}}
,"/Volumes/data/Projects/vue-ut-ex/src/utils/findElementByDataTest.js": {"lines":{"total":2,"covered":2,"skipped":0,"pct":100},"functions":{"total":1,"covered":1,"skipped":0,"pct":100},"statements":{"total":2,"covered":2,"skipped":0,"pct":100},"branches":{"total":0,"covered":0,"skipped":0,"pct":100}}
,"/Volumes/data/Projects/vue-ut-ex/src/utils/index.js": {"lines":{"total":0,"covered":0,"skipped":0,"pct":100},"functions":{"total":0,"covered":0,"skipped":0,"pct":100},"statements":{"total":0,"covered":0,"skipped":0,"pct":100},"branches":{"total":0,"covered":0,"skipped":0,"pct":100}}
}
