TN:
SF:src/App.vue
FN:4,(anonymous_0)
FN:25,render
FNF:2
FNH:0
FNDA:0,(anonymous_0)
FNDA:0,render
DA:7,0
DA:8,0
DA:11,0
DA:15,0
DA:20,0
DA:23,0
DA:24,0
DA:26,0
DA:27,0
LF:9
LH:0
BRF:0
BRH:0
end_of_record
TN:
SF:src/main.js
FNF:0
FNH:0
DA:6,0
LF:1
LH:0
BRF:0
BRH:0
end_of_record
TN:
SF:src/containers/TodoList/TodoList.vue
FN:21,(anonymous_0)
FN:32,(anonymous_1)
FN:38,(anonymous_2)
FN:41,(anonymous_3)
FN:43,(anonymous_4)
FN:52,(anonymous_5)
FN:54,(anonymous_6)
FN:59,(anonymous_7)
FN:64,(anonymous_8)
FN:72,(anonymous_9)
FN:75,(anonymous_10)
FN:118,render
FNF:12
FNH:11
FNDA:7,(anonymous_0)
FNDA:1,(anonymous_1)
FNDA:1,(anonymous_2)
FNDA:1,(anonymous_3)
FNDA:3,(anonymous_4)
FNDA:1,(anonymous_5)
FNDA:3,(anonymous_6)
FNDA:1,(anonymous_7)
FNDA:3,(anonymous_8)
FNDA:28,(anonymous_9)
FNDA:0,(anonymous_10)
FNDA:7,render
DA:4,1
DA:7,1
DA:18,1
DA:24,7
DA:27,7
DA:32,7
DA:33,1
DA:38,7
DA:39,1
DA:41,7
DA:42,1
DA:43,1
DA:44,3
DA:45,1
DA:47,2
DA:50,1
DA:52,7
DA:53,1
DA:54,1
DA:55,3
DA:57,1
DA:59,7
DA:63,1
DA:64,1
DA:65,3
DA:66,1
DA:69,1
DA:71,7
DA:73,28
DA:76,0
DA:104,7
DA:108,7
DA:113,1
DA:116,1
DA:117,1
DA:119,7
DA:128,1
LF:37
LH:36
BRDA:44,0,0,1
BRDA:44,0,1,2
BRDA:65,1,0,1
BRDA:65,1,1,2
BRF:4
BRH:4
end_of_record
TN:
SF:src/containers/TodoList/components/Header.vue
FN:74,render
FN:79,(anonymous_1)
FNF:2
FNH:2
FNDA:8,render
FNDA:3,(anonymous_1)
DA:4,2
DA:7,2
DA:62,2
DA:65,2
DA:66,2
DA:67,2
DA:70,2
DA:73,2
DA:75,8
DA:80,3
DA:85,2
LF:11
LH:11
BRDA:79,0,0,8
BRDA:79,0,1,6
BRF:2
BRH:2
end_of_record
TN:
SF:src/containers/TodoList/components/UndoList.vue
FN:90,render
FN:91,(anonymous_1)
FN:96,onClick
FN:105,onChange
FN:110,onClick
FNF:5
FNH:5
FNDA:7,render
FNDA:18,(anonymous_1)
FNDA:2,onClick
FNDA:1,onChange
FNDA:1,onClick
DA:4,2
DA:7,2
DA:68,2
DA:71,2
DA:72,2
DA:73,2
DA:76,2
DA:79,2
DA:83,2
DA:84,2
DA:85,2
DA:89,2
DA:91,7
DA:92,18
DA:97,2
DA:106,1
DA:111,1
DA:116,2
LF:18
LH:18
BRDA:99,0,0,3
BRDA:99,0,1,15
BRF:2
BRH:2
end_of_record
TN:
SF:src/utils/findElementByDataTest.js
FN:1,(anonymous_0)
FNF:1
FNH:1
FNDA:15,(anonymous_0)
DA:1,2
DA:2,15
LF:2
LH:2
BRF:0
BRH:0
end_of_record
TN:
SF:src/utils/index.js
FNF:0
FNH:0
LF:0
LH:0
BRF:0
BRH:0
end_of_record
